<?xml version="1.0" encoding="UTF-8"?>
<testsuite name="rest.addressbook.ApiJsonSpecification" tests="1" skipped="0" failures="0" errors="0" timestamp="2015-11-04T23:38:38" hostname="ismaro3-satellite" time="0.211">
  <properties/>
  <testcase name="ContentTypeParameterError" classname="rest.addressbook.ApiJsonSpecification" time="0.211"/>
  <system-out><![CDATA[]]></system-out>
  <system-err><![CDATA[nov 05, 2015 12:38:39 AM org.glassfish.grizzly.http.server.NetworkListener start
INFORMACIÓN: Started listener bound to [localhost:8282]
nov 05, 2015 12:38:39 AM org.glassfish.grizzly.http.server.HttpServer start
INFORMACIÓN: [HttpServer-7] Started.
nov 05, 2015 12:38:39 AM org.glassfish.grizzly.http.server.NetworkListener shutdownNow
INFORMACIÓN: Stopped listener bound to [localhost:8282]
]]></system-err>
</testsuite>
